<?xml version="1.0" encoding="UTF-8"?>
<!-- Generated by org.testng.reporters.JUnitReportReporter -->
<testsuite hostname="MEDION-Komputer" name="com.org.Selenium2.SeleniumTry2.FirstTest" tests="1" failures="0" timestamp="9 Jun 2019 15:01:47 GMT" time="0,000" errors="0">
  <testcase name="Login" time="0,000" classname="com.org.Selenium2.SeleniumTry2.FirstTest"/>
</testsuite>
